<?xml version="1.0" encoding="UTF-8"?>
<!-- Generated by org.testng.reporters.JUnitReportReporter -->
<testsuite skipped="0" hostname="sid" name="march2018.NewTest" tests="2" failures="0" timestamp="05 Nov 2019 05:05:15 GMT" time="0.012" errors="0">
  <testcase name="firstTest" time="0.010" classname="march2018.NewTest"/>
  <testcase name="secondTest" time="0.002" classname="march2018.NewTest"/>
</testsuite> <!-- march2018.NewTest -->
